v:\engineering\groups\system development\qt\nktp_sdk\examples\ib_example_cpp(cli)\ibsamplecpp\debug\ibsamplecpp.pch
v:\engineering\groups\system development\qt\nktp_sdk\examples\ib_example_cpp(cli)\ibsamplecpp\debug\vc120.pdb
v:\engineering\groups\system development\qt\nktp_sdk\examples\ib_example_cpp(cli)\ibsamplecpp\debug\stdafx.obj
v:\engineering\groups\system development\qt\nktp_sdk\examples\ib_example_cpp(cli)\ibsamplecpp\debug\interbusfunc.obj
v:\engineering\groups\system development\qt\nktp_sdk\examples\ib_example_cpp(cli)\ibsamplecpp\debug\ibsamplecpp.obj
v:\engineering\groups\system development\qt\nktp_sdk\examples\ib_example_cpp(cli)\ibsamplecpp\debug\assemblyinfo.obj
v:\engineering\groups\system development\qt\nktp_sdk\examples\ib_example_cpp(cli)\ibsamplecpp\debug\.netframework,version=v4.5.assemblyattributes.obj
v:\engineering\groups\system development\qt\nktp_sdk\examples\ib_example_cpp(cli)\ibsamplecpp\debug\ibsamplecpp.form1.resources
v:\engineering\groups\system development\qt\nktp_sdk\examples\ib_example_cpp(cli)\debug\ibsamplecpp.exe
v:\engineering\groups\system development\qt\nktp_sdk\examples\ib_example_cpp(cli)\debug\ibsamplecpp.pdb
v:\engineering\groups\system development\qt\nktp_sdk\examples\ib_example_cpp(cli)\ibsamplecpp\debug\app.res
v:\engineering\groups\system development\qt\nktp_sdk\examples\ib_example_cpp(cli)\ibsamplecpp\debug\ibsamplecpp.vcxproj.generateresource.cache
v:\engineering\groups\system development\qt\nktp_sdk\examples\ib_example_cpp(cli)\ibsamplecpp\debug\ibsamplecpp.tlog\cl.command.1.tlog
v:\engineering\groups\system development\qt\nktp_sdk\examples\ib_example_cpp(cli)\ibsamplecpp\debug\ibsamplecpp.tlog\cl.read.1.tlog
v:\engineering\groups\system development\qt\nktp_sdk\examples\ib_example_cpp(cli)\ibsamplecpp\debug\ibsamplecpp.tlog\cl.write.1.tlog
v:\engineering\groups\system development\qt\nktp_sdk\examples\ib_example_cpp(cli)\ibsamplecpp\debug\ibsamplecpp.tlog\ibsamplecpp.write.1u.tlog
v:\engineering\groups\system development\qt\nktp_sdk\examples\ib_example_cpp(cli)\ibsamplecpp\debug\ibsamplecpp.tlog\link.command.1.tlog
v:\engineering\groups\system development\qt\nktp_sdk\examples\ib_example_cpp(cli)\ibsamplecpp\debug\ibsamplecpp.tlog\link.read.1.tlog
v:\engineering\groups\system development\qt\nktp_sdk\examples\ib_example_cpp(cli)\ibsamplecpp\debug\ibsamplecpp.tlog\link.write.1.tlog
v:\engineering\groups\system development\qt\nktp_sdk\examples\ib_example_cpp(cli)\ibsamplecpp\debug\ibsamplecpp.tlog\metagen.read.1.tlog
v:\engineering\groups\system development\qt\nktp_sdk\examples\ib_example_cpp(cli)\ibsamplecpp\debug\ibsamplecpp.tlog\metagen.write.1.tlog
v:\engineering\groups\system development\qt\nktp_sdk\examples\ib_example_cpp(cli)\ibsamplecpp\debug\ibsamplecpp.tlog\rc.command.1.tlog
v:\engineering\groups\system development\qt\nktp_sdk\examples\ib_example_cpp(cli)\ibsamplecpp\debug\ibsamplecpp.tlog\rc.read.1.tlog
v:\engineering\groups\system development\qt\nktp_sdk\examples\ib_example_cpp(cli)\ibsamplecpp\debug\ibsamplecpp.tlog\rc.write.1.tlog
v:\engineering\groups\system development\qt\nktp_sdk\examples\ib_example_cpp(cli)\ibsamplecpp\debug\ibsamplecpp.tlog\rsaenh.dll.bi
v:\engineering\groups\system development\qt\nktp_sdk\examples\ib_example_cpp(cli)\ibsamplecpp\debug\ibsamplecpp.tlog\tzres.dll.bi
